1487395085354	geckodriver	INFO	Listening on 127.0.0.1:60074
1487395635752	geckodriver	INFO	Listening on 127.0.0.1:60313
1487395636804	mozprofile::profile	INFO	Using profile path /var/folders/6g/5lhl8msd5bb0w5y0yhl6n2qhswpf2d/T/rust_mozprofile.asSd9YZhZ4mQ
1487395636805	geckodriver::marionette	INFO	Starting browser /Applications/Firefox.app/Contents/MacOS/firefox-bin
1487395636837	geckodriver::marionette	INFO	Connecting to Marionette on localhost:60319
1487395638350	Marionette	INFO	Listening on port 60319
1487395663422	geckodriver	INFO	Listening on 127.0.0.1:60376
1487395664472	mozprofile::profile	INFO	Using profile path /var/folders/6g/5lhl8msd5bb0w5y0yhl6n2qhswpf2d/T/rust_mozprofile.GfoB5ZLj2OL7
1487395664473	geckodriver::marionette	INFO	Starting browser /Applications/Firefox.app/Contents/MacOS/firefox-bin
1487395664475	geckodriver::marionette	INFO	Connecting to Marionette on localhost:60382
1487395664937	Marionette	INFO	Listening on port 60382
1487395678193	geckodriver	INFO	Listening on 127.0.0.1:60404
1487395679240	mozprofile::profile	INFO	Using profile path /var/folders/6g/5lhl8msd5bb0w5y0yhl6n2qhswpf2d/T/rust_mozprofile.7OrZHKKT6nKI
1487395679241	geckodriver::marionette	INFO	Starting browser /Applications/Firefox.app/Contents/MacOS/firefox-bin
1487395679244	geckodriver::marionette	INFO	Connecting to Marionette on localhost:60410
1487395679692	Marionette	INFO	Listening on port 60410
1487395708431	geckodriver	INFO	Listening on 127.0.0.1:60471
1487395709476	mozprofile::profile	INFO	Using profile path /var/folders/6g/5lhl8msd5bb0w5y0yhl6n2qhswpf2d/T/rust_mozprofile.5csgc1FxHUST
1487395709477	geckodriver::marionette	INFO	Starting browser /Applications/Firefox.app/Contents/MacOS/firefox-bin
1487395709480	geckodriver::marionette	INFO	Connecting to Marionette on localhost:60477
1487395709934	Marionette	INFO	Listening on port 60477
1487395788551	geckodriver	INFO	Listening on 127.0.0.1:60527
1487395789594	mozprofile::profile	INFO	Using profile path /var/folders/6g/5lhl8msd5bb0w5y0yhl6n2qhswpf2d/T/rust_mozprofile.TFG9bJxlKRGU
1487395789595	geckodriver::marionette	INFO	Starting browser /Applications/Firefox.app/Contents/MacOS/firefox-bin
1487395789599	geckodriver::marionette	INFO	Connecting to Marionette on localhost:60533
1487395790036	Marionette	INFO	Listening on port 60533
1487396040516	geckodriver	INFO	Listening on 127.0.0.1:60633
1487396041561	mozprofile::profile	INFO	Using profile path /var/folders/6g/5lhl8msd5bb0w5y0yhl6n2qhswpf2d/T/rust_mozprofile.EwUTOaToJyzO
1487396041562	geckodriver::marionette	INFO	Starting browser /Applications/Firefox.app/Contents/MacOS/firefox-bin
1487396041565	geckodriver::marionette	INFO	Connecting to Marionette on localhost:60639
1487396042020	Marionette	INFO	Listening on port 60639
JavaScript error: resource://gre/modules/LoginManagerParent.jsm, line 77: TypeError: this._recipeManager is null
JavaScript error: resource://gre/modules/LoginManagerParent.jsm, line 77: TypeError: this._recipeManager is null
Feb 17 23:39:24  firefox-bin[70902] <Error>: CGContextSetFillColorWithColor: invalid context 0x0. If you want to see the backtrace, please set CG_CONTEXT_SHOW_BACKTRACE environmental variable.
Feb 17 23:39:24  firefox-bin[70902] <Error>: CGContextSetStrokeColorWithColor: invalid context 0x0. If you want to see the backtrace, please set CG_CONTEXT_SHOW_BACKTRACE environmental variable.
Feb 17 23:39:24  firefox-bin[70902] <Error>: CGContextGetCompositeOperation: invalid context 0x0. If you want to see the backtrace, please set CG_CONTEXT_SHOW_BACKTRACE environmental variable.
Feb 17 23:39:24  firefox-bin[70902] <Error>: CGContextSetCompositeOperation: invalid context 0x0. If you want to see the backtrace, please set CG_CONTEXT_SHOW_BACKTRACE environmental variable.
Feb 17 23:39:24  firefox-bin[70902] <Error>: CGContextFillRects: invalid context 0x0. If you want to see the backtrace, please set CG_CONTEXT_SHOW_BACKTRACE environmental variable.
Feb 17 23:39:24  firefox-bin[70902] <Error>: CGContextSetCompositeOperation: invalid context 0x0. If you want to see the backtrace, please set CG_CONTEXT_SHOW_BACKTRACE environmental variable.
Feb 17 23:39:25  firefox-bin[70902] <Error>: CGContextSetFillColorWithColor: invalid context 0x0. If you want to see the backtrace, please set CG_CONTEXT_SHOW_BACKTRACE environmental variable.
Feb 17 23:39:25  firefox-bin[70902] <Error>: CGContextSetStrokeColorWithColor: invalid context 0x0. If you want to see the backtrace, please set CG_CONTEXT_SHOW_BACKTRACE environmental variable.
Feb 17 23:39:25  firefox-bin[70902] <Error>: CGContextGetCompositeOperation: invalid context 0x0. If you want to see the backtrace, please set CG_CONTEXT_SHOW_BACKTRACE environmental variable.
Feb 17 23:39:25  firefox-bin[70902] <Error>: CGContextSetCompositeOperation: invalid context 0x0. If you want to see the backtrace, please set CG_CONTEXT_SHOW_BACKTRACE environmental variable.
Feb 17 23:39:25  firefox-bin[70902] <Error>: CGContextFillRects: invalid context 0x0. If you want to see the backtrace, please set CG_CONTEXT_SHOW_BACKTRACE environmental variable.
Feb 17 23:39:25  firefox-bin[70902] <Error>: CGContextSetCompositeOperation: invalid context 0x0. If you want to see the backtrace, please set CG_CONTEXT_SHOW_BACKTRACE environmental variable.
*************************
A coding exception was thrown and uncaught in a Task.

Full message: TypeError: NetworkError when attempting to fetch resource.
Full stack: 
*************************
*************************
A coding exception was thrown and uncaught in a Task.

Full message: TypeError: NetworkError when attempting to fetch resource.
Full stack: 
*************************
1487437247226	geckodriver	INFO	Listening on 127.0.0.1:55076
1487437248280	mozprofile::profile	INFO	Using profile path /var/folders/6g/5lhl8msd5bb0w5y0yhl6n2qhswpf2d/T/rust_mozprofile.DdeTKlzonBD1
1487437248281	geckodriver::marionette	INFO	Starting browser /Applications/Firefox.app/Contents/MacOS/firefox-bin
1487437248314	geckodriver::marionette	INFO	Connecting to Marionette on localhost:55086
1487437248837	Marionette	INFO	Listening on port 55086
1487437256007	geckodriver	INFO	Listening on 127.0.0.1:55123
1487437257046	mozprofile::profile	INFO	Using profile path /var/folders/6g/5lhl8msd5bb0w5y0yhl6n2qhswpf2d/T/rust_mozprofile.s7tGjHsDvnBK
1487437257047	geckodriver::marionette	INFO	Starting browser /Applications/Firefox.app/Contents/MacOS/firefox-bin
1487437257049	geckodriver::marionette	INFO	Connecting to Marionette on localhost:55132
1487437257478	Marionette	INFO	Listening on port 55132
*************************
*************************
A coding exception was thrown and uncaught in a Task.

A coding exception was thrown and uncaught in a Task.

Full message: TypeError: NetworkError when attempting to fetch resource.
Full stack: 
*************************
Full message: TypeError: NetworkError when attempting to fetch resource.
Full stack: 
*************************
